{"name":"hexo","hostname":"2013-20160321HJ","pid":6244,"level":20,"msg":"Hexo version: 3.2.2","time":"2017-03-02T05:47:18.100Z","v":0}
{"name":"hexo","hostname":"2013-20160321HJ","pid":6244,"level":20,"msg":"Working directory: F:\\MbBlog\\muban.github.io\\","time":"2017-03-02T05:47:18.103Z","v":0}
{"name":"hexo","hostname":"2013-20160321HJ","pid":6244,"level":20,"msg":"Config loaded: F:\\MbBlog\\muban.github.io\\_config.yml","time":"2017-03-02T05:47:18.255Z","v":0}
{"name":"hexo","hostname":"2013-20160321HJ","pid":6244,"level":20,"msg":"Plugin loaded: hexo-deployer-git","time":"2017-03-02T05:47:18.273Z","v":0}
{"name":"hexo","hostname":"2013-20160321HJ","pid":6244,"level":20,"msg":"Plugin loaded: hexo-generator-archive","time":"2017-03-02T05:47:18.279Z","v":0}
{"name":"hexo","hostname":"2013-20160321HJ","pid":6244,"level":20,"msg":"Plugin loaded: hexo-generator-category","time":"2017-03-02T05:47:18.281Z","v":0}
{"name":"hexo","hostname":"2013-20160321HJ","pid":6244,"level":20,"msg":"Plugin loaded: hexo-generator-index","time":"2017-03-02T05:47:18.283Z","v":0}
{"name":"hexo","hostname":"2013-20160321HJ","pid":6244,"level":20,"msg":"Plugin loaded: hexo-generator-tag","time":"2017-03-02T05:47:18.284Z","v":0}
{"name":"hexo","hostname":"2013-20160321HJ","pid":6244,"level":20,"msg":"Plugin loaded: hexo-renderer-ejs","time":"2017-03-02T05:47:18.287Z","v":0}
{"name":"hexo","hostname":"2013-20160321HJ","pid":6244,"level":20,"msg":"Plugin loaded: hexo-renderer-stylus","time":"2017-03-02T05:47:18.290Z","v":0}
{"name":"hexo","hostname":"2013-20160321HJ","pid":6244,"level":20,"msg":"Plugin loaded: hexo-server","time":"2017-03-02T05:47:18.385Z","v":0}
{"name":"hexo","hostname":"2013-20160321HJ","pid":6244,"level":20,"msg":"Plugin loaded: hexo-renderer-marked","time":"2017-03-02T05:47:18.390Z","v":0}
{"name":"hexo","hostname":"2013-20160321HJ","pid":6244,"level":20,"msg":"Script loaded: themes\\next\\scripts\\merge-configs.js","time":"2017-03-02T05:47:18.395Z","v":0}
{"name":"hexo","hostname":"2013-20160321HJ","pid":6244,"level":20,"msg":"Script loaded: themes\\next\\scripts\\merge.js","time":"2017-03-02T05:47:18.398Z","v":0}
{"name":"hexo","hostname":"2013-20160321HJ","pid":6244,"level":20,"msg":"Script loaded: themes\\next\\scripts\\tags\\button.js","time":"2017-03-02T05:47:18.398Z","v":0}
{"name":"hexo","hostname":"2013-20160321HJ","pid":6244,"level":20,"msg":"Script loaded: themes\\next\\scripts\\tags\\exturl.js","time":"2017-03-02T05:47:18.398Z","v":0}
{"name":"hexo","hostname":"2013-20160321HJ","pid":6244,"level":20,"msg":"Script loaded: themes\\next\\scripts\\tags\\full-image.js","time":"2017-03-02T05:47:18.399Z","v":0}
{"name":"hexo","hostname":"2013-20160321HJ","pid":6244,"level":20,"msg":"Script loaded: themes\\next\\scripts\\tags\\center-quote.js","time":"2017-03-02T05:47:18.399Z","v":0}
{"name":"hexo","hostname":"2013-20160321HJ","pid":6244,"level":20,"msg":"Script loaded: themes\\next\\scripts\\tags\\group-pictures.js","time":"2017-03-02T05:47:18.400Z","v":0}
{"name":"hexo","hostname":"2013-20160321HJ","pid":6244,"level":20,"msg":"Script loaded: themes\\next\\scripts\\tags\\note.js","time":"2017-03-02T05:47:18.400Z","v":0}
{"name":"hexo","hostname":"2013-20160321HJ","pid":6244,"level":20,"msg":"Loading database.","time":"2017-03-02T05:47:18.410Z","v":0}
{"name":"hexo","hostname":"2013-20160321HJ","pid":6244,"level":30,"msg":"Start processing","time":"2017-03-02T05:47:18.489Z","v":0}
{"name":"hexo","hostname":"2013-20160321HJ","pid":6244,"level":20,"msg":"Processed: CNAME","time":"2017-03-02T05:47:18.550Z","v":0}
{"name":"hexo","hostname":"2013-20160321HJ","pid":6244,"level":20,"msg":"Processed: _posts/hello-world.md","time":"2017-03-02T05:47:18.575Z","v":0}
{"name":"hexo","hostname":"2013-20160321HJ","pid":6244,"level":20,"msg":"Theme config loaded.","time":"2017-03-02T05:47:18.741Z","v":0}
{"name":"hexo","hostname":"2013-20160321HJ","pid":6244,"level":20,"msg":"Processed: _config.yml","time":"2017-03-02T05:47:18.743Z","v":0}
{"name":"hexo","hostname":"2013-20160321HJ","pid":6244,"level":20,"msg":"Processed: source/css/main.styl","time":"2017-03-02T05:47:18.761Z","v":0}
{"name":"hexo","hostname":"2013-20160321HJ","pid":6244,"level":20,"msg":"Processed: source/images/algolia_logo.svg","time":"2017-03-02T05:47:18.761Z","v":0}
{"name":"hexo","hostname":"2013-20160321HJ","pid":6244,"level":20,"msg":"Processed: source/images/cc-by-nc-nd.svg","time":"2017-03-02T05:47:18.761Z","v":0}
{"name":"hexo","hostname":"2013-20160321HJ","pid":6244,"level":20,"msg":"Processed: source/images/avatar.gif","time":"2017-03-02T05:47:18.762Z","v":0}
{"name":"hexo","hostname":"2013-20160321HJ","pid":6244,"level":20,"msg":"Processed: source/images/cc-by-nc-sa.svg","time":"2017-03-02T05:47:18.762Z","v":0}
{"name":"hexo","hostname":"2013-20160321HJ","pid":6244,"level":20,"msg":"Processed: source/images/cc-by-nc.svg","time":"2017-03-02T05:47:18.763Z","v":0}
{"name":"hexo","hostname":"2013-20160321HJ","pid":6244,"level":20,"msg":"Processed: source/images/cc-by-nd.svg","time":"2017-03-02T05:47:18.763Z","v":0}
{"name":"hexo","hostname":"2013-20160321HJ","pid":6244,"level":20,"msg":"Processed: source/images/cc-by-sa.svg","time":"2017-03-02T05:47:18.764Z","v":0}
{"name":"hexo","hostname":"2013-20160321HJ","pid":6244,"level":20,"msg":"Processed: source/images/cc-zero.svg","time":"2017-03-02T05:47:18.764Z","v":0}
{"name":"hexo","hostname":"2013-20160321HJ","pid":6244,"level":20,"msg":"Processed: source/images/cc-by.svg","time":"2017-03-02T05:47:18.764Z","v":0}
{"name":"hexo","hostname":"2013-20160321HJ","pid":6244,"level":20,"msg":"Processed: source/images/loading.gif","time":"2017-03-02T05:47:18.765Z","v":0}
{"name":"hexo","hostname":"2013-20160321HJ","pid":6244,"level":20,"msg":"Processed: source/images/placeholder.gif","time":"2017-03-02T05:47:18.765Z","v":0}
{"name":"hexo","hostname":"2013-20160321HJ","pid":6244,"level":20,"msg":"Processed: source/images/quote-l.svg","time":"2017-03-02T05:47:18.765Z","v":0}
{"name":"hexo","hostname":"2013-20160321HJ","pid":6244,"level":20,"msg":"Processed: source/images/quote-r.svg","time":"2017-03-02T05:47:18.765Z","v":0}
{"name":"hexo","hostname":"2013-20160321HJ","pid":6244,"level":20,"msg":"Processed: source/images/searchicon.png","time":"2017-03-02T05:47:18.765Z","v":0}
{"name":"hexo","hostname":"2013-20160321HJ","pid":6244,"level":20,"msg":"Processed: layout/_layout.swig","time":"2017-03-02T05:47:18.966Z","v":0}
{"name":"hexo","hostname":"2013-20160321HJ","pid":6244,"level":20,"msg":"Processed: layout/category.swig","time":"2017-03-02T05:47:18.966Z","v":0}
{"name":"hexo","hostname":"2013-20160321HJ","pid":6244,"level":20,"msg":"Processed: layout/archive.swig","time":"2017-03-02T05:47:18.966Z","v":0}
{"name":"hexo","hostname":"2013-20160321HJ","pid":6244,"level":20,"msg":"Processed: layout/index.swig","time":"2017-03-02T05:47:18.966Z","v":0}
{"name":"hexo","hostname":"2013-20160321HJ","pid":6244,"level":20,"msg":"Processed: layout/post.swig","time":"2017-03-02T05:47:18.966Z","v":0}
{"name":"hexo","hostname":"2013-20160321HJ","pid":6244,"level":20,"msg":"Processed: layout/schedule.swig","time":"2017-03-02T05:47:18.967Z","v":0}
{"name":"hexo","hostname":"2013-20160321HJ","pid":6244,"level":20,"msg":"Processed: layout/page.swig","time":"2017-03-02T05:47:18.967Z","v":0}
{"name":"hexo","hostname":"2013-20160321HJ","pid":6244,"level":20,"msg":"Processed: languages/id.yml","time":"2017-03-02T05:47:18.974Z","v":0}
{"name":"hexo","hostname":"2013-20160321HJ","pid":6244,"level":20,"msg":"Processed: languages/de.yml","time":"2017-03-02T05:47:18.974Z","v":0}
{"name":"hexo","hostname":"2013-20160321HJ","pid":6244,"level":20,"msg":"Processed: languages/default.yml","time":"2017-03-02T05:47:18.974Z","v":0}
{"name":"hexo","hostname":"2013-20160321HJ","pid":6244,"level":20,"msg":"Processed: languages/fr-FR.yml","time":"2017-03-02T05:47:18.974Z","v":0}
{"name":"hexo","hostname":"2013-20160321HJ","pid":6244,"level":20,"msg":"Processed: languages/ja.yml","time":"2017-03-02T05:47:18.974Z","v":0}
{"name":"hexo","hostname":"2013-20160321HJ","pid":6244,"level":20,"msg":"Processed: languages/pt.yml","time":"2017-03-02T05:47:18.974Z","v":0}
{"name":"hexo","hostname":"2013-20160321HJ","pid":6244,"level":20,"msg":"Processed: languages/en.yml","time":"2017-03-02T05:47:18.974Z","v":0}
{"name":"hexo","hostname":"2013-20160321HJ","pid":6244,"level":20,"msg":"Processed: languages/ko.yml","time":"2017-03-02T05:47:18.974Z","v":0}
{"name":"hexo","hostname":"2013-20160321HJ","pid":6244,"level":20,"msg":"Processed: languages/ru.yml","time":"2017-03-02T05:47:18.974Z","v":0}
{"name":"hexo","hostname":"2013-20160321HJ","pid":6244,"level":20,"msg":"Processed: languages/pt-BR.yml","time":"2017-03-02T05:47:18.974Z","v":0}
{"name":"hexo","hostname":"2013-20160321HJ","pid":6244,"level":20,"msg":"Processed: languages/zh-Hans.yml","time":"2017-03-02T05:47:18.974Z","v":0}
{"name":"hexo","hostname":"2013-20160321HJ","pid":6244,"level":20,"msg":"Processed: languages/zh-tw.yml","time":"2017-03-02T05:47:18.975Z","v":0}
{"name":"hexo","hostname":"2013-20160321HJ","pid":6244,"level":20,"msg":"Processed: languages/zh-hk.yml","time":"2017-03-02T05:47:18.975Z","v":0}
{"name":"hexo","hostname":"2013-20160321HJ","pid":6244,"level":20,"msg":"Processed: layout/tag.swig","time":"2017-03-02T05:47:19.016Z","v":0}
{"name":"hexo","hostname":"2013-20160321HJ","pid":6244,"level":20,"msg":"Processed: source/js/src/algolia-search.js","time":"2017-03-02T05:47:19.020Z","v":0}
{"name":"hexo","hostname":"2013-20160321HJ","pid":6244,"level":20,"msg":"Processed: source/js/src/affix.js","time":"2017-03-02T05:47:19.021Z","v":0}
{"name":"hexo","hostname":"2013-20160321HJ","pid":6244,"level":20,"msg":"Processed: source/js/src/bootstrap.js","time":"2017-03-02T05:47:19.021Z","v":0}
{"name":"hexo","hostname":"2013-20160321HJ","pid":6244,"level":20,"msg":"Processed: source/js/src/exturl.js","time":"2017-03-02T05:47:19.021Z","v":0}
{"name":"hexo","hostname":"2013-20160321HJ","pid":6244,"level":20,"msg":"Processed: source/js/src/motion.js","time":"2017-03-02T05:47:19.021Z","v":0}
{"name":"hexo","hostname":"2013-20160321HJ","pid":6244,"level":20,"msg":"Processed: source/js/src/post-details.js","time":"2017-03-02T05:47:19.022Z","v":0}
{"name":"hexo","hostname":"2013-20160321HJ","pid":6244,"level":20,"msg":"Processed: source/js/src/hook-duoshuo.js","time":"2017-03-02T05:47:19.022Z","v":0}
{"name":"hexo","hostname":"2013-20160321HJ","pid":6244,"level":20,"msg":"Processed: source/js/src/scrollspy.js","time":"2017-03-02T05:47:19.022Z","v":0}
{"name":"hexo","hostname":"2013-20160321HJ","pid":6244,"level":20,"msg":"Processed: source/js/src/utils.js","time":"2017-03-02T05:47:19.022Z","v":0}
{"name":"hexo","hostname":"2013-20160321HJ","pid":6244,"level":20,"msg":"Processed: source/lib/algolia-instant-search/instantsearch.min.css","time":"2017-03-02T05:47:19.022Z","v":0}
{"name":"hexo","hostname":"2013-20160321HJ","pid":6244,"level":20,"msg":"Processed: source/lib/canvas-nest/canvas-nest.min.js","time":"2017-03-02T05:47:19.023Z","v":0}
{"name":"hexo","hostname":"2013-20160321HJ","pid":6244,"level":20,"msg":"Processed: source/lib/fastclick/LICENSE","time":"2017-03-02T05:47:19.024Z","v":0}
{"name":"hexo","hostname":"2013-20160321HJ","pid":6244,"level":20,"msg":"Processed: source/lib/fastclick/bower.json","time":"2017-03-02T05:47:19.024Z","v":0}
{"name":"hexo","hostname":"2013-20160321HJ","pid":6244,"level":20,"msg":"Processed: source/lib/fastclick/README.md","time":"2017-03-02T05:47:19.024Z","v":0}
{"name":"hexo","hostname":"2013-20160321HJ","pid":6244,"level":20,"msg":"Processed: source/lib/font-awesome/HELP-US-OUT.txt","time":"2017-03-02T05:47:19.024Z","v":0}
{"name":"hexo","hostname":"2013-20160321HJ","pid":6244,"level":20,"msg":"Processed: source/lib/font-awesome/bower.json","time":"2017-03-02T05:47:19.025Z","v":0}
{"name":"hexo","hostname":"2013-20160321HJ","pid":6244,"level":20,"msg":"Processed: source/lib/jquery_lazyload/CONTRIBUTING.md","time":"2017-03-02T05:47:19.025Z","v":0}
{"name":"hexo","hostname":"2013-20160321HJ","pid":6244,"level":20,"msg":"Processed: source/lib/jquery_lazyload/README.md","time":"2017-03-02T05:47:19.025Z","v":0}
{"name":"hexo","hostname":"2013-20160321HJ","pid":6244,"level":20,"msg":"Processed: source/lib/jquery_lazyload/bower.json","time":"2017-03-02T05:47:19.025Z","v":0}
{"name":"hexo","hostname":"2013-20160321HJ","pid":6244,"level":20,"msg":"Processed: source/lib/jquery_lazyload/jquery.lazyload.js","time":"2017-03-02T05:47:19.026Z","v":0}
{"name":"hexo","hostname":"2013-20160321HJ","pid":6244,"level":20,"msg":"Processed: source/lib/jquery_lazyload/jquery.scrollstop.js","time":"2017-03-02T05:47:19.026Z","v":0}
{"name":"hexo","hostname":"2013-20160321HJ","pid":6244,"level":20,"msg":"Processed: source/lib/velocity/bower.json","time":"2017-03-02T05:47:19.026Z","v":0}
{"name":"hexo","hostname":"2013-20160321HJ","pid":6244,"level":20,"msg":"Processed: source/lib/velocity/velocity.min.js","time":"2017-03-02T05:47:19.026Z","v":0}
{"name":"hexo","hostname":"2013-20160321HJ","pid":6244,"level":20,"msg":"Processed: source/lib/velocity/velocity.ui.min.js","time":"2017-03-02T05:47:19.027Z","v":0}
{"name":"hexo","hostname":"2013-20160321HJ","pid":6244,"level":20,"msg":"Processed: source/lib/velocity/velocity.ui.js","time":"2017-03-02T05:47:19.027Z","v":0}
{"name":"hexo","hostname":"2013-20160321HJ","pid":6244,"level":20,"msg":"Processed: layout/_custom/header.swig","time":"2017-03-02T05:47:19.075Z","v":0}
{"name":"hexo","hostname":"2013-20160321HJ","pid":6244,"level":20,"msg":"Processed: layout/_partials/comments.swig","time":"2017-03-02T05:47:19.075Z","v":0}
{"name":"hexo","hostname":"2013-20160321HJ","pid":6244,"level":20,"msg":"Processed: layout/_custom/sidebar.swig","time":"2017-03-02T05:47:19.075Z","v":0}
{"name":"hexo","hostname":"2013-20160321HJ","pid":6244,"level":20,"msg":"Processed: layout/_partials/footer.swig","time":"2017-03-02T05:47:19.075Z","v":0}
{"name":"hexo","hostname":"2013-20160321HJ","pid":6244,"level":20,"msg":"Processed: layout/_partials/duoshuo-hot-articles.swig","time":"2017-03-02T05:47:19.075Z","v":0}
{"name":"hexo","hostname":"2013-20160321HJ","pid":6244,"level":20,"msg":"Processed: layout/_partials/head.swig","time":"2017-03-02T05:47:19.075Z","v":0}
{"name":"hexo","hostname":"2013-20160321HJ","pid":6244,"level":20,"msg":"Processed: layout/_partials/header.swig","time":"2017-03-02T05:47:19.075Z","v":0}
{"name":"hexo","hostname":"2013-20160321HJ","pid":6244,"level":20,"msg":"Processed: layout/_partials/page-header.swig","time":"2017-03-02T05:47:19.075Z","v":0}
{"name":"hexo","hostname":"2013-20160321HJ","pid":6244,"level":20,"msg":"Processed: layout/_partials/pagination.swig","time":"2017-03-02T05:47:19.075Z","v":0}
{"name":"hexo","hostname":"2013-20160321HJ","pid":6244,"level":20,"msg":"Processed: layout/_partials/search.swig","time":"2017-03-02T05:47:19.075Z","v":0}
{"name":"hexo","hostname":"2013-20160321HJ","pid":6244,"level":20,"msg":"Processed: layout/_macro/post.swig","time":"2017-03-02T05:47:19.075Z","v":0}
{"name":"hexo","hostname":"2013-20160321HJ","pid":6244,"level":20,"msg":"Processed: layout/_macro/post-collapse.swig","time":"2017-03-02T05:47:19.075Z","v":0}
{"name":"hexo","hostname":"2013-20160321HJ","pid":6244,"level":20,"msg":"Processed: layout/_macro/reward.swig","time":"2017-03-02T05:47:19.075Z","v":0}
{"name":"hexo","hostname":"2013-20160321HJ","pid":6244,"level":20,"msg":"Processed: layout/_macro/wechat-subscriber.swig","time":"2017-03-02T05:47:19.075Z","v":0}
{"name":"hexo","hostname":"2013-20160321HJ","pid":6244,"level":20,"msg":"Processed: layout/_scripts/baidu-push.swig","time":"2017-03-02T05:47:19.075Z","v":0}
{"name":"hexo","hostname":"2013-20160321HJ","pid":6244,"level":20,"msg":"Processed: layout/_scripts/boostrap.swig","time":"2017-03-02T05:47:19.075Z","v":0}
{"name":"hexo","hostname":"2013-20160321HJ","pid":6244,"level":20,"msg":"Processed: layout/_scripts/commons.swig","time":"2017-03-02T05:47:19.075Z","v":0}
{"name":"hexo","hostname":"2013-20160321HJ","pid":6244,"level":20,"msg":"Processed: layout/_scripts/vendors.swig","time":"2017-03-02T05:47:19.075Z","v":0}
{"name":"hexo","hostname":"2013-20160321HJ","pid":6244,"level":20,"msg":"Processed: layout/_macro/sidebar.swig","time":"2017-03-02T05:47:19.075Z","v":0}
{"name":"hexo","hostname":"2013-20160321HJ","pid":6244,"level":20,"msg":"Processed: source/lib/jquery/index.js","time":"2017-03-02T05:47:19.077Z","v":0}
{"name":"hexo","hostname":"2013-20160321HJ","pid":6244,"level":20,"msg":"Processed: source/uploads/avatar.jpg","time":"2017-03-02T05:47:19.077Z","v":0}
{"name":"hexo","hostname":"2013-20160321HJ","pid":6244,"level":20,"msg":"Processed: layout/_scripts/schemes/muse.swig","time":"2017-03-02T05:47:19.083Z","v":0}
{"name":"hexo","hostname":"2013-20160321HJ","pid":6244,"level":20,"msg":"Processed: layout/_scripts/schemes/mist.swig","time":"2017-03-02T05:47:19.083Z","v":0}
{"name":"hexo","hostname":"2013-20160321HJ","pid":6244,"level":20,"msg":"Processed: source/js/src/schemes/pisces.js","time":"2017-03-02T05:47:19.090Z","v":0}
{"name":"hexo","hostname":"2013-20160321HJ","pid":6244,"level":20,"msg":"Processed: source/lib/fancybox/source/fancybox_loading.gif","time":"2017-03-02T05:47:19.090Z","v":0}
{"name":"hexo","hostname":"2013-20160321HJ","pid":6244,"level":20,"msg":"Processed: source/lib/fancybox/source/blank.gif","time":"2017-03-02T05:47:19.090Z","v":0}
{"name":"hexo","hostname":"2013-20160321HJ","pid":6244,"level":20,"msg":"Processed: source/lib/fancybox/source/fancybox_overlay.png","time":"2017-03-02T05:47:19.090Z","v":0}
{"name":"hexo","hostname":"2013-20160321HJ","pid":6244,"level":20,"msg":"Processed: source/lib/fancybox/source/fancybox_sprite.png","time":"2017-03-02T05:47:19.090Z","v":0}
{"name":"hexo","hostname":"2013-20160321HJ","pid":6244,"level":20,"msg":"Processed: source/lib/fancybox/source/fancybox_loading@2x.gif","time":"2017-03-02T05:47:19.091Z","v":0}
{"name":"hexo","hostname":"2013-20160321HJ","pid":6244,"level":20,"msg":"Processed: source/lib/fancybox/source/fancybox_sprite@2x.png","time":"2017-03-02T05:47:19.091Z","v":0}
{"name":"hexo","hostname":"2013-20160321HJ","pid":6244,"level":20,"msg":"Processed: source/lib/fancybox/source/jquery.fancybox.css","time":"2017-03-02T05:47:19.091Z","v":0}
{"name":"hexo","hostname":"2013-20160321HJ","pid":6244,"level":20,"msg":"Processed: source/lib/fancybox/source/jquery.fancybox.js","time":"2017-03-02T05:47:19.091Z","v":0}
{"name":"hexo","hostname":"2013-20160321HJ","pid":6244,"level":20,"msg":"Processed: source/lib/fancybox/source/jquery.fancybox.pack.js","time":"2017-03-02T05:47:19.091Z","v":0}
{"name":"hexo","hostname":"2013-20160321HJ","pid":6244,"level":20,"msg":"Processed: source/lib/fastclick/lib/fastclick.js","time":"2017-03-02T05:47:19.091Z","v":0}
{"name":"hexo","hostname":"2013-20160321HJ","pid":6244,"level":20,"msg":"Processed: source/lib/fastclick/lib/fastclick.min.js","time":"2017-03-02T05:47:19.091Z","v":0}
{"name":"hexo","hostname":"2013-20160321HJ","pid":6244,"level":20,"msg":"Processed: source/lib/font-awesome/css/font-awesome.css.map","time":"2017-03-02T05:47:19.091Z","v":0}
{"name":"hexo","hostname":"2013-20160321HJ","pid":6244,"level":20,"msg":"Processed: source/lib/font-awesome/css/font-awesome.min.css","time":"2017-03-02T05:47:19.092Z","v":0}
{"name":"hexo","hostname":"2013-20160321HJ","pid":6244,"level":20,"msg":"Processed: source/lib/font-awesome/css/font-awesome.css","time":"2017-03-02T05:47:19.092Z","v":0}
{"name":"hexo","hostname":"2013-20160321HJ","pid":6244,"level":20,"msg":"Processed: source/lib/ua-parser-js/dist/ua-parser.min.js","time":"2017-03-02T05:47:19.092Z","v":0}
{"name":"hexo","hostname":"2013-20160321HJ","pid":6244,"level":20,"msg":"Processed: source/lib/ua-parser-js/dist/ua-parser.pack.js","time":"2017-03-02T05:47:19.092Z","v":0}
{"name":"hexo","hostname":"2013-20160321HJ","pid":6244,"level":20,"msg":"Processed: layout/_partials/head/external-fonts.swig","time":"2017-03-02T05:47:19.107Z","v":0}
{"name":"hexo","hostname":"2013-20160321HJ","pid":6244,"level":20,"msg":"Processed: layout/_components/algolia-search/dom.swig","time":"2017-03-02T05:47:19.108Z","v":0}
{"name":"hexo","hostname":"2013-20160321HJ","pid":6244,"level":20,"msg":"Processed: layout/_components/algolia-search/assets.swig","time":"2017-03-02T05:47:19.108Z","v":0}
{"name":"hexo","hostname":"2013-20160321HJ","pid":6244,"level":20,"msg":"Processed: layout/_partials/search/localsearch.swig","time":"2017-03-02T05:47:19.108Z","v":0}
{"name":"hexo","hostname":"2013-20160321HJ","pid":6244,"level":20,"msg":"Processed: layout/_partials/search/tinysou.swig","time":"2017-03-02T05:47:19.108Z","v":0}
{"name":"hexo","hostname":"2013-20160321HJ","pid":6244,"level":20,"msg":"Processed: layout/_partials/search/swiftype.swig","time":"2017-03-02T05:47:19.108Z","v":0}
{"name":"hexo","hostname":"2013-20160321HJ","pid":6244,"level":20,"msg":"Processed: layout/_partials/share/baidushare.swig","time":"2017-03-02T05:47:19.108Z","v":0}
{"name":"hexo","hostname":"2013-20160321HJ","pid":6244,"level":20,"msg":"Processed: layout/_partials/share/jiathis.swig","time":"2017-03-02T05:47:19.108Z","v":0}
{"name":"hexo","hostname":"2013-20160321HJ","pid":6244,"level":20,"msg":"Processed: layout/_partials/share/duoshuo_share.swig","time":"2017-03-02T05:47:19.108Z","v":0}
{"name":"hexo","hostname":"2013-20160321HJ","pid":6244,"level":20,"msg":"Processed: layout/_partials/share/add-this.swig","time":"2017-03-02T05:47:19.108Z","v":0}
{"name":"hexo","hostname":"2013-20160321HJ","pid":6244,"level":20,"msg":"Processed: layout/_scripts/pages/post-details.swig","time":"2017-03-02T05:47:19.108Z","v":0}
{"name":"hexo","hostname":"2013-20160321HJ","pid":6244,"level":20,"msg":"Processed: layout/_partials/head/custom-head.swig","time":"2017-03-02T05:47:19.108Z","v":0}
{"name":"hexo","hostname":"2013-20160321HJ","pid":6244,"level":20,"msg":"Processed: layout/_scripts/schemes/pisces.swig","time":"2017-03-02T05:47:19.108Z","v":0}
{"name":"hexo","hostname":"2013-20160321HJ","pid":6244,"level":20,"msg":"Processed: layout/_scripts/third-party/analytics.swig","time":"2017-03-02T05:47:19.108Z","v":0}
{"name":"hexo","hostname":"2013-20160321HJ","pid":6244,"level":20,"msg":"Processed: layout/_scripts/third-party/comments.swig","time":"2017-03-02T05:47:19.108Z","v":0}
{"name":"hexo","hostname":"2013-20160321HJ","pid":6244,"level":20,"msg":"Processed: layout/_scripts/third-party/lean-analytics.swig","time":"2017-03-02T05:47:19.108Z","v":0}
{"name":"hexo","hostname":"2013-20160321HJ","pid":6244,"level":20,"msg":"Processed: layout/_scripts/third-party/localsearch.swig","time":"2017-03-02T05:47:19.108Z","v":0}
{"name":"hexo","hostname":"2013-20160321HJ","pid":6244,"level":20,"msg":"Processed: layout/_scripts/third-party/mathjax.swig","time":"2017-03-02T05:47:19.108Z","v":0}
{"name":"hexo","hostname":"2013-20160321HJ","pid":6244,"level":20,"msg":"Processed: layout/_scripts/third-party/schedule.swig","time":"2017-03-02T05:47:19.108Z","v":0}
{"name":"hexo","hostname":"2013-20160321HJ","pid":6244,"level":20,"msg":"Processed: layout/_scripts/third-party/tinysou.swig","time":"2017-03-02T05:47:19.108Z","v":0}
{"name":"hexo","hostname":"2013-20160321HJ","pid":6244,"level":20,"msg":"Processed: source/lib/font-awesome/fonts/fontawesome-webfont.woff","time":"2017-03-02T05:47:19.109Z","v":0}
{"name":"hexo","hostname":"2013-20160321HJ","pid":6244,"level":20,"msg":"Processed: source/lib/font-awesome/fonts/fontawesome-webfont.woff2","time":"2017-03-02T05:47:19.110Z","v":0}
{"name":"hexo","hostname":"2013-20160321HJ","pid":6244,"level":20,"msg":"Processed: source/lib/velocity/velocity.js","time":"2017-03-02T05:47:19.110Z","v":0}
{"name":"hexo","hostname":"2013-20160321HJ","pid":6244,"level":20,"msg":"Processed: source/lib/fancybox/source/helpers/fancybox_buttons.png","time":"2017-03-02T05:47:19.133Z","v":0}
{"name":"hexo","hostname":"2013-20160321HJ","pid":6244,"level":20,"msg":"Processed: source/lib/fancybox/source/helpers/jquery.fancybox-buttons.js","time":"2017-03-02T05:47:19.134Z","v":0}
{"name":"hexo","hostname":"2013-20160321HJ","pid":6244,"level":20,"msg":"Processed: source/lib/fancybox/source/helpers/jquery.fancybox-thumbs.css","time":"2017-03-02T05:47:19.135Z","v":0}
{"name":"hexo","hostname":"2013-20160321HJ","pid":6244,"level":20,"msg":"Processed: source/lib/fancybox/source/helpers/jquery.fancybox-thumbs.js","time":"2017-03-02T05:47:19.135Z","v":0}
{"name":"hexo","hostname":"2013-20160321HJ","pid":6244,"level":20,"msg":"Processed: source/lib/fancybox/source/helpers/jquery.fancybox-media.js","time":"2017-03-02T05:47:19.136Z","v":0}
{"name":"hexo","hostname":"2013-20160321HJ","pid":6244,"level":20,"msg":"Processed: source/lib/font-awesome/fonts/fontawesome-webfont.eot","time":"2017-03-02T05:47:19.136Z","v":0}
{"name":"hexo","hostname":"2013-20160321HJ","pid":6244,"level":20,"msg":"Processed: source/lib/font-awesome/fonts/fontawesome-webfont.ttf","time":"2017-03-02T05:47:19.136Z","v":0}
{"name":"hexo","hostname":"2013-20160321HJ","pid":6244,"level":20,"msg":"Processed: source/lib/font-awesome/fonts/FontAwesome.otf","time":"2017-03-02T05:47:19.136Z","v":0}
{"name":"hexo","hostname":"2013-20160321HJ","pid":6244,"level":20,"msg":"Processed: source/lib/fancybox/source/helpers/jquery.fancybox-buttons.css","time":"2017-03-02T05:47:19.136Z","v":0}
{"name":"hexo","hostname":"2013-20160321HJ","pid":6244,"level":20,"msg":"Processed: layout/_scripts/third-party/analytics/busuanzi-counter.swig","time":"2017-03-02T05:47:19.148Z","v":0}
{"name":"hexo","hostname":"2013-20160321HJ","pid":6244,"level":20,"msg":"Processed: layout/_scripts/third-party/analytics/baidu-analytics.swig","time":"2017-03-02T05:47:19.148Z","v":0}
{"name":"hexo","hostname":"2013-20160321HJ","pid":6244,"level":20,"msg":"Processed: layout/_scripts/third-party/analytics/cnzz-analytics.swig","time":"2017-03-02T05:47:19.148Z","v":0}
{"name":"hexo","hostname":"2013-20160321HJ","pid":6244,"level":20,"msg":"Processed: layout/_scripts/third-party/analytics/application-insights.swig","time":"2017-03-02T05:47:19.148Z","v":0}
{"name":"hexo","hostname":"2013-20160321HJ","pid":6244,"level":20,"msg":"Processed: layout/_scripts/third-party/analytics/facebook-sdk.swig","time":"2017-03-02T05:47:19.148Z","v":0}
{"name":"hexo","hostname":"2013-20160321HJ","pid":6244,"level":20,"msg":"Processed: layout/_scripts/third-party/analytics/tencent-analytics.swig","time":"2017-03-02T05:47:19.148Z","v":0}
{"name":"hexo","hostname":"2013-20160321HJ","pid":6244,"level":20,"msg":"Processed: layout/_scripts/third-party/analytics/google-analytics.swig","time":"2017-03-02T05:47:19.148Z","v":0}
{"name":"hexo","hostname":"2013-20160321HJ","pid":6244,"level":20,"msg":"Processed: layout/_scripts/third-party/analytics/tencent-mta.swig","time":"2017-03-02T05:47:19.148Z","v":0}
{"name":"hexo","hostname":"2013-20160321HJ","pid":6244,"level":20,"msg":"Processed: layout/_scripts/third-party/comments/disqus.swig","time":"2017-03-02T05:47:19.148Z","v":0}
{"name":"hexo","hostname":"2013-20160321HJ","pid":6244,"level":20,"msg":"Processed: layout/_scripts/third-party/comments/duoshuo.swig","time":"2017-03-02T05:47:19.148Z","v":0}
{"name":"hexo","hostname":"2013-20160321HJ","pid":6244,"level":20,"msg":"Processed: layout/_scripts/third-party/comments/gentie.swig","time":"2017-03-02T05:47:19.148Z","v":0}
{"name":"hexo","hostname":"2013-20160321HJ","pid":6244,"level":20,"msg":"Processed: layout/_scripts/third-party/comments/hypercomments.swig","time":"2017-03-02T05:47:19.148Z","v":0}
{"name":"hexo","hostname":"2013-20160321HJ","pid":6244,"level":20,"msg":"Processed: layout/_scripts/third-party/comments/livere.swig","time":"2017-03-02T05:47:19.148Z","v":0}
{"name":"hexo","hostname":"2013-20160321HJ","pid":6244,"level":20,"msg":"Processed: layout/_scripts/third-party/analytics/vkontakte-api.swig","time":"2017-03-02T05:47:19.148Z","v":0}
{"name":"hexo","hostname":"2013-20160321HJ","pid":6244,"level":20,"msg":"Processed: layout/_scripts/third-party/comments/youyan.swig","time":"2017-03-02T05:47:19.148Z","v":0}
{"name":"hexo","hostname":"2013-20160321HJ","pid":6244,"level":20,"msg":"Processed: source/lib/algolia-instant-search/instantsearch.min.js","time":"2017-03-02T05:47:19.150Z","v":0}
{"name":"hexo","hostname":"2013-20160321HJ","pid":6244,"level":20,"msg":"Processed: source/lib/font-awesome/fonts/fontawesome-webfont.svg","time":"2017-03-02T05:47:19.154Z","v":0}
{"name":"hexo","hostname":"2013-20160321HJ","pid":6244,"level":20,"msg":"Generator: page","time":"2017-03-02T05:47:19.300Z","v":0}
{"name":"hexo","hostname":"2013-20160321HJ","pid":6244,"level":20,"msg":"Generator: post","time":"2017-03-02T05:47:19.300Z","v":0}
{"name":"hexo","hostname":"2013-20160321HJ","pid":6244,"level":20,"msg":"Generator: archive","time":"2017-03-02T05:47:19.300Z","v":0}
{"name":"hexo","hostname":"2013-20160321HJ","pid":6244,"level":20,"msg":"Generator: category","time":"2017-03-02T05:47:19.300Z","v":0}
{"name":"hexo","hostname":"2013-20160321HJ","pid":6244,"level":20,"msg":"Generator: index","time":"2017-03-02T05:47:19.300Z","v":0}
{"name":"hexo","hostname":"2013-20160321HJ","pid":6244,"level":20,"msg":"Generator: tag","time":"2017-03-02T05:47:19.300Z","v":0}
{"name":"hexo","hostname":"2013-20160321HJ","pid":6244,"level":20,"msg":"Generator: asset","time":"2017-03-02T05:47:19.301Z","v":0}
{"name":"hexo","hostname":"2013-20160321HJ","pid":6244,"level":30,"msg":"Hexo is running at http://localhost:4000/. Press Ctrl+C to stop.","time":"2017-03-02T05:47:19.309Z","v":0}
{"name":"hexo","hostname":"2013-20160321HJ","pid":6244,"level":20,"msg":"Database saved","time":"2017-03-02T05:47:19.320Z","v":0}
{"name":"hexo","hostname":"2013-20160321HJ","pid":6244,"level":20,"msg":"Rendering index: index.html","time":"2017-03-02T05:47:32.009Z","v":0}
{"name":"hexo","hostname":"2013-20160321HJ","pid":6244,"level":20,"msg":"Rendering post: 2017/03/02/hello-world/index.html","time":"2017-03-02T05:48:29.211Z","v":0}
{"name":"hexo","hostname":"2013-20160321HJ","pid":2612,"level":20,"msg":"Hexo version: 3.2.2","time":"2017-03-02T06:16:27.594Z","v":0}
{"name":"hexo","hostname":"2013-20160321HJ","pid":2612,"level":20,"msg":"Working directory: F:\\MbBlog\\muban.github.io\\","time":"2017-03-02T06:16:27.597Z","v":0}
{"name":"hexo","hostname":"2013-20160321HJ","pid":2612,"level":20,"msg":"Config loaded: F:\\MbBlog\\muban.github.io\\_config.yml","time":"2017-03-02T06:16:27.698Z","v":0}
{"name":"hexo","hostname":"2013-20160321HJ","pid":2612,"level":20,"msg":"Plugin loaded: hexo-deployer-git","time":"2017-03-02T06:16:27.712Z","v":0}
{"name":"hexo","hostname":"2013-20160321HJ","pid":2612,"level":20,"msg":"Plugin loaded: hexo-generator-index","time":"2017-03-02T06:16:27.718Z","v":0}
{"name":"hexo","hostname":"2013-20160321HJ","pid":2612,"level":20,"msg":"Plugin loaded: hexo-generator-archive","time":"2017-03-02T06:16:27.721Z","v":0}
{"name":"hexo","hostname":"2013-20160321HJ","pid":2612,"level":20,"msg":"Plugin loaded: hexo-generator-tag","time":"2017-03-02T06:16:27.722Z","v":0}
{"name":"hexo","hostname":"2013-20160321HJ","pid":2612,"level":20,"msg":"Plugin loaded: hexo-generator-category","time":"2017-03-02T06:16:27.723Z","v":0}
{"name":"hexo","hostname":"2013-20160321HJ","pid":2612,"level":20,"msg":"Plugin loaded: hexo-renderer-ejs","time":"2017-03-02T06:16:27.726Z","v":0}
{"name":"hexo","hostname":"2013-20160321HJ","pid":2612,"level":20,"msg":"Plugin loaded: hexo-renderer-stylus","time":"2017-03-02T06:16:27.729Z","v":0}
{"name":"hexo","hostname":"2013-20160321HJ","pid":2612,"level":20,"msg":"Plugin loaded: hexo-renderer-marked","time":"2017-03-02T06:16:27.734Z","v":0}
{"name":"hexo","hostname":"2013-20160321HJ","pid":2612,"level":20,"msg":"Plugin loaded: hexo-server","time":"2017-03-02T06:16:27.790Z","v":0}
{"name":"hexo","hostname":"2013-20160321HJ","pid":2612,"level":20,"msg":"Script loaded: themes\\next\\scripts\\merge-configs.js","time":"2017-03-02T06:16:27.793Z","v":0}
{"name":"hexo","hostname":"2013-20160321HJ","pid":2612,"level":20,"msg":"Script loaded: themes\\next\\scripts\\tags\\button.js","time":"2017-03-02T06:16:27.794Z","v":0}
{"name":"hexo","hostname":"2013-20160321HJ","pid":2612,"level":20,"msg":"Script loaded: themes\\next\\scripts\\tags\\center-quote.js","time":"2017-03-02T06:16:27.794Z","v":0}
{"name":"hexo","hostname":"2013-20160321HJ","pid":2612,"level":20,"msg":"Script loaded: themes\\next\\scripts\\tags\\exturl.js","time":"2017-03-02T06:16:27.794Z","v":0}
{"name":"hexo","hostname":"2013-20160321HJ","pid":2612,"level":20,"msg":"Script loaded: themes\\next\\scripts\\tags\\full-image.js","time":"2017-03-02T06:16:27.795Z","v":0}
{"name":"hexo","hostname":"2013-20160321HJ","pid":2612,"level":20,"msg":"Script loaded: themes\\next\\scripts\\tags\\note.js","time":"2017-03-02T06:16:27.795Z","v":0}
{"name":"hexo","hostname":"2013-20160321HJ","pid":2612,"level":20,"msg":"Script loaded: themes\\next\\scripts\\tags\\group-pictures.js","time":"2017-03-02T06:16:27.796Z","v":0}
{"name":"hexo","hostname":"2013-20160321HJ","pid":2612,"level":20,"msg":"Script loaded: themes\\next\\scripts\\merge.js","time":"2017-03-02T06:16:27.799Z","v":0}
{"name":"hexo","hostname":"2013-20160321HJ","pid":2612,"level":20,"msg":"Loading database.","time":"2017-03-02T06:16:27.809Z","v":0}
{"name":"hexo","hostname":"2013-20160321HJ","pid":2612,"level":30,"msg":"Start processing","time":"2017-03-02T06:16:27.864Z","v":0}
{"name":"hexo","hostname":"2013-20160321HJ","pid":2612,"level":20,"msg":"Processed: CNAME","time":"2017-03-02T06:16:27.924Z","v":0}
{"name":"hexo","hostname":"2013-20160321HJ","pid":2612,"level":20,"msg":"Processed: _posts/hello-world.md","time":"2017-03-02T06:16:27.954Z","v":0}
{"name":"hexo","hostname":"2013-20160321HJ","pid":2612,"level":20,"msg":"Theme config loaded.","time":"2017-03-02T06:16:28.029Z","v":0}
{"name":"hexo","hostname":"2013-20160321HJ","pid":2612,"level":20,"msg":"Processed: _config.yml","time":"2017-03-02T06:16:28.031Z","v":0}
{"name":"hexo","hostname":"2013-20160321HJ","pid":2612,"level":20,"msg":"Processed: source/css/main.styl","time":"2017-03-02T06:16:28.031Z","v":0}
{"name":"hexo","hostname":"2013-20160321HJ","pid":2612,"level":20,"msg":"Processed: source/images/avatar.gif","time":"2017-03-02T06:16:28.031Z","v":0}
{"name":"hexo","hostname":"2013-20160321HJ","pid":2612,"level":20,"msg":"Processed: source/images/algolia_logo.svg","time":"2017-03-02T06:16:28.031Z","v":0}
{"name":"hexo","hostname":"2013-20160321HJ","pid":2612,"level":20,"msg":"Processed: source/images/cc-by-nc-nd.svg","time":"2017-03-02T06:16:28.032Z","v":0}
{"name":"hexo","hostname":"2013-20160321HJ","pid":2612,"level":20,"msg":"Processed: source/images/cc-by-nc-sa.svg","time":"2017-03-02T06:16:28.033Z","v":0}
{"name":"hexo","hostname":"2013-20160321HJ","pid":2612,"level":20,"msg":"Processed: source/images/cc-by-nc.svg","time":"2017-03-02T06:16:28.033Z","v":0}
{"name":"hexo","hostname":"2013-20160321HJ","pid":2612,"level":20,"msg":"Processed: source/images/cc-by-nd.svg","time":"2017-03-02T06:16:28.033Z","v":0}
{"name":"hexo","hostname":"2013-20160321HJ","pid":2612,"level":20,"msg":"Processed: source/images/cc-by-sa.svg","time":"2017-03-02T06:16:28.034Z","v":0}
{"name":"hexo","hostname":"2013-20160321HJ","pid":2612,"level":20,"msg":"Processed: source/images/cc-zero.svg","time":"2017-03-02T06:16:28.035Z","v":0}
{"name":"hexo","hostname":"2013-20160321HJ","pid":2612,"level":20,"msg":"Processed: source/images/loading.gif","time":"2017-03-02T06:16:28.035Z","v":0}
{"name":"hexo","hostname":"2013-20160321HJ","pid":2612,"level":20,"msg":"Processed: source/images/cc-by.svg","time":"2017-03-02T06:16:28.036Z","v":0}
{"name":"hexo","hostname":"2013-20160321HJ","pid":2612,"level":20,"msg":"Processed: source/images/quote-l.svg","time":"2017-03-02T06:16:28.036Z","v":0}
{"name":"hexo","hostname":"2013-20160321HJ","pid":2612,"level":20,"msg":"Processed: source/images/placeholder.gif","time":"2017-03-02T06:16:28.036Z","v":0}
{"name":"hexo","hostname":"2013-20160321HJ","pid":2612,"level":20,"msg":"Processed: source/images/quote-r.svg","time":"2017-03-02T06:16:28.037Z","v":0}
{"name":"hexo","hostname":"2013-20160321HJ","pid":2612,"level":20,"msg":"Processed: source/images/searchicon.png","time":"2017-03-02T06:16:28.037Z","v":0}
{"name":"hexo","hostname":"2013-20160321HJ","pid":2612,"level":20,"msg":"Processed: layout/_layout.swig","time":"2017-03-02T06:16:28.262Z","v":0}
{"name":"hexo","hostname":"2013-20160321HJ","pid":2612,"level":20,"msg":"Processed: layout/archive.swig","time":"2017-03-02T06:16:28.262Z","v":0}
{"name":"hexo","hostname":"2013-20160321HJ","pid":2612,"level":20,"msg":"Processed: layout/category.swig","time":"2017-03-02T06:16:28.262Z","v":0}
{"name":"hexo","hostname":"2013-20160321HJ","pid":2612,"level":20,"msg":"Processed: layout/index.swig","time":"2017-03-02T06:16:28.262Z","v":0}
{"name":"hexo","hostname":"2013-20160321HJ","pid":2612,"level":20,"msg":"Processed: layout/post.swig","time":"2017-03-02T06:16:28.262Z","v":0}
{"name":"hexo","hostname":"2013-20160321HJ","pid":2612,"level":20,"msg":"Processed: layout/page.swig","time":"2017-03-02T06:16:28.262Z","v":0}
{"name":"hexo","hostname":"2013-20160321HJ","pid":2612,"level":20,"msg":"Processed: layout/tag.swig","time":"2017-03-02T06:16:28.262Z","v":0}
{"name":"hexo","hostname":"2013-20160321HJ","pid":2612,"level":20,"msg":"Processed: layout/schedule.swig","time":"2017-03-02T06:16:28.262Z","v":0}
{"name":"hexo","hostname":"2013-20160321HJ","pid":2612,"level":20,"msg":"Processed: languages/de.yml","time":"2017-03-02T06:16:28.270Z","v":0}
{"name":"hexo","hostname":"2013-20160321HJ","pid":2612,"level":20,"msg":"Processed: languages/en.yml","time":"2017-03-02T06:16:28.270Z","v":0}
{"name":"hexo","hostname":"2013-20160321HJ","pid":2612,"level":20,"msg":"Processed: languages/default.yml","time":"2017-03-02T06:16:28.270Z","v":0}
{"name":"hexo","hostname":"2013-20160321HJ","pid":2612,"level":20,"msg":"Processed: languages/id.yml","time":"2017-03-02T06:16:28.270Z","v":0}
{"name":"hexo","hostname":"2013-20160321HJ","pid":2612,"level":20,"msg":"Processed: languages/fr-FR.yml","time":"2017-03-02T06:16:28.270Z","v":0}
{"name":"hexo","hostname":"2013-20160321HJ","pid":2612,"level":20,"msg":"Processed: languages/ja.yml","time":"2017-03-02T06:16:28.270Z","v":0}
{"name":"hexo","hostname":"2013-20160321HJ","pid":2612,"level":20,"msg":"Processed: languages/ko.yml","time":"2017-03-02T06:16:28.270Z","v":0}
{"name":"hexo","hostname":"2013-20160321HJ","pid":2612,"level":20,"msg":"Processed: languages/pt.yml","time":"2017-03-02T06:16:28.270Z","v":0}
{"name":"hexo","hostname":"2013-20160321HJ","pid":2612,"level":20,"msg":"Processed: languages/pt-BR.yml","time":"2017-03-02T06:16:28.270Z","v":0}
{"name":"hexo","hostname":"2013-20160321HJ","pid":2612,"level":20,"msg":"Processed: languages/ru.yml","time":"2017-03-02T06:16:28.270Z","v":0}
{"name":"hexo","hostname":"2013-20160321HJ","pid":2612,"level":20,"msg":"Processed: languages/zh-Hans.yml","time":"2017-03-02T06:16:28.270Z","v":0}
{"name":"hexo","hostname":"2013-20160321HJ","pid":2612,"level":20,"msg":"Processed: languages/zh-tw.yml","time":"2017-03-02T06:16:28.270Z","v":0}
{"name":"hexo","hostname":"2013-20160321HJ","pid":2612,"level":20,"msg":"Processed: languages/zh-hk.yml","time":"2017-03-02T06:16:28.270Z","v":0}
{"name":"hexo","hostname":"2013-20160321HJ","pid":2612,"level":20,"msg":"Processed: source/js/src/affix.js","time":"2017-03-02T06:16:28.271Z","v":0}
{"name":"hexo","hostname":"2013-20160321HJ","pid":2612,"level":20,"msg":"Processed: source/js/src/algolia-search.js","time":"2017-03-02T06:16:28.271Z","v":0}
{"name":"hexo","hostname":"2013-20160321HJ","pid":2612,"level":20,"msg":"Processed: source/js/src/bootstrap.js","time":"2017-03-02T06:16:28.271Z","v":0}
{"name":"hexo","hostname":"2013-20160321HJ","pid":2612,"level":20,"msg":"Processed: source/js/src/exturl.js","time":"2017-03-02T06:16:28.271Z","v":0}
{"name":"hexo","hostname":"2013-20160321HJ","pid":2612,"level":20,"msg":"Processed: source/js/src/motion.js","time":"2017-03-02T06:16:28.272Z","v":0}
{"name":"hexo","hostname":"2013-20160321HJ","pid":2612,"level":20,"msg":"Processed: source/js/src/hook-duoshuo.js","time":"2017-03-02T06:16:28.272Z","v":0}
{"name":"hexo","hostname":"2013-20160321HJ","pid":2612,"level":20,"msg":"Processed: source/js/src/post-details.js","time":"2017-03-02T06:16:28.272Z","v":0}
{"name":"hexo","hostname":"2013-20160321HJ","pid":2612,"level":20,"msg":"Processed: source/js/src/scrollspy.js","time":"2017-03-02T06:16:28.272Z","v":0}
{"name":"hexo","hostname":"2013-20160321HJ","pid":2612,"level":20,"msg":"Processed: source/js/src/utils.js","time":"2017-03-02T06:16:28.273Z","v":0}
{"name":"hexo","hostname":"2013-20160321HJ","pid":2612,"level":20,"msg":"Processed: source/lib/algolia-instant-search/instantsearch.min.css","time":"2017-03-02T06:16:28.274Z","v":0}
{"name":"hexo","hostname":"2013-20160321HJ","pid":2612,"level":20,"msg":"Processed: source/lib/canvas-nest/canvas-nest.min.js","time":"2017-03-02T06:16:28.274Z","v":0}
{"name":"hexo","hostname":"2013-20160321HJ","pid":2612,"level":20,"msg":"Processed: source/lib/fastclick/LICENSE","time":"2017-03-02T06:16:28.274Z","v":0}
{"name":"hexo","hostname":"2013-20160321HJ","pid":2612,"level":20,"msg":"Processed: source/lib/fastclick/README.md","time":"2017-03-02T06:16:28.274Z","v":0}
{"name":"hexo","hostname":"2013-20160321HJ","pid":2612,"level":20,"msg":"Processed: source/lib/fastclick/bower.json","time":"2017-03-02T06:16:28.275Z","v":0}
{"name":"hexo","hostname":"2013-20160321HJ","pid":2612,"level":20,"msg":"Processed: source/lib/font-awesome/HELP-US-OUT.txt","time":"2017-03-02T06:16:28.275Z","v":0}
{"name":"hexo","hostname":"2013-20160321HJ","pid":2612,"level":20,"msg":"Processed: source/lib/font-awesome/bower.json","time":"2017-03-02T06:16:28.275Z","v":0}
{"name":"hexo","hostname":"2013-20160321HJ","pid":2612,"level":20,"msg":"Processed: source/lib/jquery_lazyload/CONTRIBUTING.md","time":"2017-03-02T06:16:28.276Z","v":0}
{"name":"hexo","hostname":"2013-20160321HJ","pid":2612,"level":20,"msg":"Processed: source/lib/jquery_lazyload/README.md","time":"2017-03-02T06:16:28.276Z","v":0}
{"name":"hexo","hostname":"2013-20160321HJ","pid":2612,"level":20,"msg":"Processed: source/lib/jquery_lazyload/bower.json","time":"2017-03-02T06:16:28.277Z","v":0}
{"name":"hexo","hostname":"2013-20160321HJ","pid":2612,"level":20,"msg":"Processed: source/lib/jquery_lazyload/jquery.lazyload.js","time":"2017-03-02T06:16:28.277Z","v":0}
{"name":"hexo","hostname":"2013-20160321HJ","pid":2612,"level":20,"msg":"Processed: source/lib/jquery_lazyload/jquery.scrollstop.js","time":"2017-03-02T06:16:28.277Z","v":0}
{"name":"hexo","hostname":"2013-20160321HJ","pid":2612,"level":20,"msg":"Processed: source/lib/velocity/bower.json","time":"2017-03-02T06:16:28.277Z","v":0}
{"name":"hexo","hostname":"2013-20160321HJ","pid":2612,"level":20,"msg":"Processed: source/lib/velocity/velocity.min.js","time":"2017-03-02T06:16:28.277Z","v":0}
{"name":"hexo","hostname":"2013-20160321HJ","pid":2612,"level":20,"msg":"Processed: source/lib/velocity/velocity.ui.js","time":"2017-03-02T06:16:28.277Z","v":0}
{"name":"hexo","hostname":"2013-20160321HJ","pid":2612,"level":20,"msg":"Processed: source/lib/velocity/velocity.ui.min.js","time":"2017-03-02T06:16:28.278Z","v":0}
{"name":"hexo","hostname":"2013-20160321HJ","pid":2612,"level":20,"msg":"Processed: source/lib/jquery/index.js","time":"2017-03-02T06:16:28.287Z","v":0}
{"name":"hexo","hostname":"2013-20160321HJ","pid":2612,"level":20,"msg":"Processed: source/uploads/avatar.jpg","time":"2017-03-02T06:16:28.288Z","v":0}
{"name":"hexo","hostname":"2013-20160321HJ","pid":2612,"level":20,"msg":"Processed: layout/_custom/header.swig","time":"2017-03-02T06:16:28.328Z","v":0}
{"name":"hexo","hostname":"2013-20160321HJ","pid":2612,"level":20,"msg":"Processed: layout/_partials/comments.swig","time":"2017-03-02T06:16:28.328Z","v":0}
{"name":"hexo","hostname":"2013-20160321HJ","pid":2612,"level":20,"msg":"Processed: layout/_partials/duoshuo-hot-articles.swig","time":"2017-03-02T06:16:28.328Z","v":0}
{"name":"hexo","hostname":"2013-20160321HJ","pid":2612,"level":20,"msg":"Processed: layout/_custom/sidebar.swig","time":"2017-03-02T06:16:28.328Z","v":0}
{"name":"hexo","hostname":"2013-20160321HJ","pid":2612,"level":20,"msg":"Processed: layout/_partials/footer.swig","time":"2017-03-02T06:16:28.328Z","v":0}
{"name":"hexo","hostname":"2013-20160321HJ","pid":2612,"level":20,"msg":"Processed: layout/_partials/head.swig","time":"2017-03-02T06:16:28.328Z","v":0}
{"name":"hexo","hostname":"2013-20160321HJ","pid":2612,"level":20,"msg":"Processed: layout/_partials/page-header.swig","time":"2017-03-02T06:16:28.328Z","v":0}
{"name":"hexo","hostname":"2013-20160321HJ","pid":2612,"level":20,"msg":"Processed: layout/_partials/header.swig","time":"2017-03-02T06:16:28.329Z","v":0}
{"name":"hexo","hostname":"2013-20160321HJ","pid":2612,"level":20,"msg":"Processed: layout/_partials/pagination.swig","time":"2017-03-02T06:16:28.329Z","v":0}
{"name":"hexo","hostname":"2013-20160321HJ","pid":2612,"level":20,"msg":"Processed: layout/_partials/search.swig","time":"2017-03-02T06:16:28.329Z","v":0}
{"name":"hexo","hostname":"2013-20160321HJ","pid":2612,"level":20,"msg":"Processed: layout/_macro/post-collapse.swig","time":"2017-03-02T06:16:28.329Z","v":0}
{"name":"hexo","hostname":"2013-20160321HJ","pid":2612,"level":20,"msg":"Processed: layout/_macro/post.swig","time":"2017-03-02T06:16:28.329Z","v":0}
{"name":"hexo","hostname":"2013-20160321HJ","pid":2612,"level":20,"msg":"Processed: layout/_macro/sidebar.swig","time":"2017-03-02T06:16:28.329Z","v":0}
{"name":"hexo","hostname":"2013-20160321HJ","pid":2612,"level":20,"msg":"Processed: layout/_macro/wechat-subscriber.swig","time":"2017-03-02T06:16:28.329Z","v":0}
{"name":"hexo","hostname":"2013-20160321HJ","pid":2612,"level":20,"msg":"Processed: layout/_macro/reward.swig","time":"2017-03-02T06:16:28.329Z","v":0}
{"name":"hexo","hostname":"2013-20160321HJ","pid":2612,"level":20,"msg":"Processed: layout/_scripts/baidu-push.swig","time":"2017-03-02T06:16:28.329Z","v":0}
{"name":"hexo","hostname":"2013-20160321HJ","pid":2612,"level":20,"msg":"Processed: layout/_scripts/boostrap.swig","time":"2017-03-02T06:16:28.329Z","v":0}
{"name":"hexo","hostname":"2013-20160321HJ","pid":2612,"level":20,"msg":"Processed: layout/_scripts/commons.swig","time":"2017-03-02T06:16:28.329Z","v":0}
{"name":"hexo","hostname":"2013-20160321HJ","pid":2612,"level":20,"msg":"Processed: layout/_scripts/vendors.swig","time":"2017-03-02T06:16:28.329Z","v":0}
{"name":"hexo","hostname":"2013-20160321HJ","pid":2612,"level":20,"msg":"Processed: source/js/src/schemes/pisces.js","time":"2017-03-02T06:16:28.336Z","v":0}
{"name":"hexo","hostname":"2013-20160321HJ","pid":2612,"level":20,"msg":"Processed: source/lib/fancybox/source/blank.gif","time":"2017-03-02T06:16:28.336Z","v":0}
{"name":"hexo","hostname":"2013-20160321HJ","pid":2612,"level":20,"msg":"Processed: source/lib/fancybox/source/fancybox_overlay.png","time":"2017-03-02T06:16:28.336Z","v":0}
{"name":"hexo","hostname":"2013-20160321HJ","pid":2612,"level":20,"msg":"Processed: source/lib/fancybox/source/fancybox_sprite.png","time":"2017-03-02T06:16:28.336Z","v":0}
{"name":"hexo","hostname":"2013-20160321HJ","pid":2612,"level":20,"msg":"Processed: source/lib/fancybox/source/fancybox_loading.gif","time":"2017-03-02T06:16:28.336Z","v":0}
{"name":"hexo","hostname":"2013-20160321HJ","pid":2612,"level":20,"msg":"Processed: source/lib/fancybox/source/fancybox_loading@2x.gif","time":"2017-03-02T06:16:28.337Z","v":0}
{"name":"hexo","hostname":"2013-20160321HJ","pid":2612,"level":20,"msg":"Processed: source/lib/fancybox/source/jquery.fancybox.css","time":"2017-03-02T06:16:28.337Z","v":0}
{"name":"hexo","hostname":"2013-20160321HJ","pid":2612,"level":20,"msg":"Processed: source/lib/fancybox/source/jquery.fancybox.js","time":"2017-03-02T06:16:28.337Z","v":0}
{"name":"hexo","hostname":"2013-20160321HJ","pid":2612,"level":20,"msg":"Processed: source/lib/fancybox/source/jquery.fancybox.pack.js","time":"2017-03-02T06:16:28.337Z","v":0}
{"name":"hexo","hostname":"2013-20160321HJ","pid":2612,"level":20,"msg":"Processed: source/lib/fancybox/source/fancybox_sprite@2x.png","time":"2017-03-02T06:16:28.337Z","v":0}
{"name":"hexo","hostname":"2013-20160321HJ","pid":2612,"level":20,"msg":"Processed: source/lib/fastclick/lib/fastclick.js","time":"2017-03-02T06:16:28.337Z","v":0}
{"name":"hexo","hostname":"2013-20160321HJ","pid":2612,"level":20,"msg":"Processed: source/lib/font-awesome/css/font-awesome.css","time":"2017-03-02T06:16:28.337Z","v":0}
{"name":"hexo","hostname":"2013-20160321HJ","pid":2612,"level":20,"msg":"Processed: source/lib/font-awesome/css/font-awesome.css.map","time":"2017-03-02T06:16:28.337Z","v":0}
{"name":"hexo","hostname":"2013-20160321HJ","pid":2612,"level":20,"msg":"Processed: source/lib/font-awesome/css/font-awesome.min.css","time":"2017-03-02T06:16:28.337Z","v":0}
{"name":"hexo","hostname":"2013-20160321HJ","pid":2612,"level":20,"msg":"Processed: source/lib/ua-parser-js/dist/ua-parser.min.js","time":"2017-03-02T06:16:28.338Z","v":0}
{"name":"hexo","hostname":"2013-20160321HJ","pid":2612,"level":20,"msg":"Processed: source/lib/ua-parser-js/dist/ua-parser.pack.js","time":"2017-03-02T06:16:28.338Z","v":0}
{"name":"hexo","hostname":"2013-20160321HJ","pid":2612,"level":20,"msg":"Processed: source/lib/fastclick/lib/fastclick.min.js","time":"2017-03-02T06:16:28.338Z","v":0}
{"name":"hexo","hostname":"2013-20160321HJ","pid":2612,"level":20,"msg":"Processed: layout/_scripts/schemes/muse.swig","time":"2017-03-02T06:16:28.342Z","v":0}
{"name":"hexo","hostname":"2013-20160321HJ","pid":2612,"level":20,"msg":"Processed: layout/_scripts/schemes/mist.swig","time":"2017-03-02T06:16:28.342Z","v":0}
{"name":"hexo","hostname":"2013-20160321HJ","pid":2612,"level":20,"msg":"Processed: source/lib/font-awesome/fonts/fontawesome-webfont.woff","time":"2017-03-02T06:16:28.343Z","v":0}
{"name":"hexo","hostname":"2013-20160321HJ","pid":2612,"level":20,"msg":"Processed: source/lib/font-awesome/fonts/fontawesome-webfont.woff2","time":"2017-03-02T06:16:28.345Z","v":0}
{"name":"hexo","hostname":"2013-20160321HJ","pid":2612,"level":20,"msg":"Processed: source/lib/velocity/velocity.js","time":"2017-03-02T06:16:28.345Z","v":0}
{"name":"hexo","hostname":"2013-20160321HJ","pid":2612,"level":20,"msg":"Processed: layout/_partials/head/custom-head.swig","time":"2017-03-02T06:16:28.359Z","v":0}
{"name":"hexo","hostname":"2013-20160321HJ","pid":2612,"level":20,"msg":"Processed: layout/_components/algolia-search/dom.swig","time":"2017-03-02T06:16:28.359Z","v":0}
{"name":"hexo","hostname":"2013-20160321HJ","pid":2612,"level":20,"msg":"Processed: layout/_components/algolia-search/assets.swig","time":"2017-03-02T06:16:28.360Z","v":0}
{"name":"hexo","hostname":"2013-20160321HJ","pid":2612,"level":20,"msg":"Processed: layout/_partials/search/localsearch.swig","time":"2017-03-02T06:16:28.360Z","v":0}
{"name":"hexo","hostname":"2013-20160321HJ","pid":2612,"level":20,"msg":"Processed: layout/_partials/search/swiftype.swig","time":"2017-03-02T06:16:28.360Z","v":0}
{"name":"hexo","hostname":"2013-20160321HJ","pid":2612,"level":20,"msg":"Processed: layout/_partials/search/tinysou.swig","time":"2017-03-02T06:16:28.360Z","v":0}
{"name":"hexo","hostname":"2013-20160321HJ","pid":2612,"level":20,"msg":"Processed: layout/_partials/share/add-this.swig","time":"2017-03-02T06:16:28.360Z","v":0}
{"name":"hexo","hostname":"2013-20160321HJ","pid":2612,"level":20,"msg":"Processed: layout/_partials/share/baidushare.swig","time":"2017-03-02T06:16:28.360Z","v":0}
{"name":"hexo","hostname":"2013-20160321HJ","pid":2612,"level":20,"msg":"Processed: layout/_partials/share/jiathis.swig","time":"2017-03-02T06:16:28.360Z","v":0}
{"name":"hexo","hostname":"2013-20160321HJ","pid":2612,"level":20,"msg":"Processed: layout/_partials/head/external-fonts.swig","time":"2017-03-02T06:16:28.360Z","v":0}
{"name":"hexo","hostname":"2013-20160321HJ","pid":2612,"level":20,"msg":"Processed: layout/_scripts/pages/post-details.swig","time":"2017-03-02T06:16:28.360Z","v":0}
{"name":"hexo","hostname":"2013-20160321HJ","pid":2612,"level":20,"msg":"Processed: layout/_partials/share/duoshuo_share.swig","time":"2017-03-02T06:16:28.360Z","v":0}
{"name":"hexo","hostname":"2013-20160321HJ","pid":2612,"level":20,"msg":"Processed: layout/_scripts/schemes/pisces.swig","time":"2017-03-02T06:16:28.360Z","v":0}
{"name":"hexo","hostname":"2013-20160321HJ","pid":2612,"level":20,"msg":"Processed: layout/_scripts/third-party/analytics.swig","time":"2017-03-02T06:16:28.360Z","v":0}
{"name":"hexo","hostname":"2013-20160321HJ","pid":2612,"level":20,"msg":"Processed: layout/_scripts/third-party/lean-analytics.swig","time":"2017-03-02T06:16:28.360Z","v":0}
{"name":"hexo","hostname":"2013-20160321HJ","pid":2612,"level":20,"msg":"Processed: layout/_scripts/third-party/comments.swig","time":"2017-03-02T06:16:28.360Z","v":0}
{"name":"hexo","hostname":"2013-20160321HJ","pid":2612,"level":20,"msg":"Processed: layout/_scripts/third-party/mathjax.swig","time":"2017-03-02T06:16:28.360Z","v":0}
{"name":"hexo","hostname":"2013-20160321HJ","pid":2612,"level":20,"msg":"Processed: layout/_scripts/third-party/localsearch.swig","time":"2017-03-02T06:16:28.360Z","v":0}
{"name":"hexo","hostname":"2013-20160321HJ","pid":2612,"level":20,"msg":"Processed: layout/_scripts/third-party/schedule.swig","time":"2017-03-02T06:16:28.360Z","v":0}
{"name":"hexo","hostname":"2013-20160321HJ","pid":2612,"level":20,"msg":"Processed: layout/_scripts/third-party/tinysou.swig","time":"2017-03-02T06:16:28.360Z","v":0}
{"name":"hexo","hostname":"2013-20160321HJ","pid":2612,"level":20,"msg":"Processed: source/lib/fancybox/source/helpers/fancybox_buttons.png","time":"2017-03-02T06:16:28.372Z","v":0}
{"name":"hexo","hostname":"2013-20160321HJ","pid":2612,"level":20,"msg":"Processed: source/lib/fancybox/source/helpers/jquery.fancybox-buttons.css","time":"2017-03-02T06:16:28.372Z","v":0}
{"name":"hexo","hostname":"2013-20160321HJ","pid":2612,"level":20,"msg":"Processed: source/lib/fancybox/source/helpers/jquery.fancybox-buttons.js","time":"2017-03-02T06:16:28.373Z","v":0}
{"name":"hexo","hostname":"2013-20160321HJ","pid":2612,"level":20,"msg":"Processed: source/lib/fancybox/source/helpers/jquery.fancybox-media.js","time":"2017-03-02T06:16:28.373Z","v":0}
{"name":"hexo","hostname":"2013-20160321HJ","pid":2612,"level":20,"msg":"Processed: source/lib/fancybox/source/helpers/jquery.fancybox-thumbs.css","time":"2017-03-02T06:16:28.373Z","v":0}
{"name":"hexo","hostname":"2013-20160321HJ","pid":2612,"level":20,"msg":"Processed: source/lib/font-awesome/fonts/FontAwesome.otf","time":"2017-03-02T06:16:28.373Z","v":0}
{"name":"hexo","hostname":"2013-20160321HJ","pid":2612,"level":20,"msg":"Processed: source/lib/fancybox/source/helpers/jquery.fancybox-thumbs.js","time":"2017-03-02T06:16:28.373Z","v":0}
{"name":"hexo","hostname":"2013-20160321HJ","pid":2612,"level":20,"msg":"Processed: source/lib/font-awesome/fonts/fontawesome-webfont.eot","time":"2017-03-02T06:16:28.373Z","v":0}
{"name":"hexo","hostname":"2013-20160321HJ","pid":2612,"level":20,"msg":"Processed: source/lib/font-awesome/fonts/fontawesome-webfont.ttf","time":"2017-03-02T06:16:28.373Z","v":0}
{"name":"hexo","hostname":"2013-20160321HJ","pid":2612,"level":20,"msg":"Processed: layout/_scripts/third-party/analytics/application-insights.swig","time":"2017-03-02T06:16:28.387Z","v":0}
{"name":"hexo","hostname":"2013-20160321HJ","pid":2612,"level":20,"msg":"Processed: layout/_scripts/third-party/analytics/busuanzi-counter.swig","time":"2017-03-02T06:16:28.387Z","v":0}
{"name":"hexo","hostname":"2013-20160321HJ","pid":2612,"level":20,"msg":"Processed: layout/_scripts/third-party/analytics/baidu-analytics.swig","time":"2017-03-02T06:16:28.387Z","v":0}
{"name":"hexo","hostname":"2013-20160321HJ","pid":2612,"level":20,"msg":"Processed: layout/_scripts/third-party/analytics/cnzz-analytics.swig","time":"2017-03-02T06:16:28.387Z","v":0}
{"name":"hexo","hostname":"2013-20160321HJ","pid":2612,"level":20,"msg":"Processed: layout/_scripts/third-party/analytics/tencent-analytics.swig","time":"2017-03-02T06:16:28.387Z","v":0}
{"name":"hexo","hostname":"2013-20160321HJ","pid":2612,"level":20,"msg":"Processed: layout/_scripts/third-party/analytics/google-analytics.swig","time":"2017-03-02T06:16:28.387Z","v":0}
{"name":"hexo","hostname":"2013-20160321HJ","pid":2612,"level":20,"msg":"Processed: layout/_scripts/third-party/analytics/facebook-sdk.swig","time":"2017-03-02T06:16:28.387Z","v":0}
{"name":"hexo","hostname":"2013-20160321HJ","pid":2612,"level":20,"msg":"Processed: layout/_scripts/third-party/analytics/tencent-mta.swig","time":"2017-03-02T06:16:28.387Z","v":0}
{"name":"hexo","hostname":"2013-20160321HJ","pid":2612,"level":20,"msg":"Processed: layout/_scripts/third-party/analytics/vkontakte-api.swig","time":"2017-03-02T06:16:28.387Z","v":0}
{"name":"hexo","hostname":"2013-20160321HJ","pid":2612,"level":20,"msg":"Processed: layout/_scripts/third-party/comments/disqus.swig","time":"2017-03-02T06:16:28.387Z","v":0}
{"name":"hexo","hostname":"2013-20160321HJ","pid":2612,"level":20,"msg":"Processed: layout/_scripts/third-party/comments/duoshuo.swig","time":"2017-03-02T06:16:28.387Z","v":0}
{"name":"hexo","hostname":"2013-20160321HJ","pid":2612,"level":20,"msg":"Processed: layout/_scripts/third-party/comments/gentie.swig","time":"2017-03-02T06:16:28.387Z","v":0}
{"name":"hexo","hostname":"2013-20160321HJ","pid":2612,"level":20,"msg":"Processed: layout/_scripts/third-party/comments/hypercomments.swig","time":"2017-03-02T06:16:28.387Z","v":0}
{"name":"hexo","hostname":"2013-20160321HJ","pid":2612,"level":20,"msg":"Processed: layout/_scripts/third-party/comments/livere.swig","time":"2017-03-02T06:16:28.387Z","v":0}
{"name":"hexo","hostname":"2013-20160321HJ","pid":2612,"level":20,"msg":"Processed: layout/_scripts/third-party/comments/youyan.swig","time":"2017-03-02T06:16:28.387Z","v":0}
{"name":"hexo","hostname":"2013-20160321HJ","pid":2612,"level":20,"msg":"Processed: source/lib/algolia-instant-search/instantsearch.min.js","time":"2017-03-02T06:16:28.388Z","v":0}
{"name":"hexo","hostname":"2013-20160321HJ","pid":2612,"level":20,"msg":"Processed: source/lib/font-awesome/fonts/fontawesome-webfont.svg","time":"2017-03-02T06:16:28.391Z","v":0}
{"name":"hexo","hostname":"2013-20160321HJ","pid":2612,"level":20,"msg":"Generator: page","time":"2017-03-02T06:16:28.554Z","v":0}
{"name":"hexo","hostname":"2013-20160321HJ","pid":2612,"level":20,"msg":"Generator: post","time":"2017-03-02T06:16:28.554Z","v":0}
{"name":"hexo","hostname":"2013-20160321HJ","pid":2612,"level":20,"msg":"Generator: index","time":"2017-03-02T06:16:28.554Z","v":0}
{"name":"hexo","hostname":"2013-20160321HJ","pid":2612,"level":20,"msg":"Generator: archive","time":"2017-03-02T06:16:28.554Z","v":0}
{"name":"hexo","hostname":"2013-20160321HJ","pid":2612,"level":20,"msg":"Generator: tag","time":"2017-03-02T06:16:28.554Z","v":0}
{"name":"hexo","hostname":"2013-20160321HJ","pid":2612,"level":20,"msg":"Generator: category","time":"2017-03-02T06:16:28.554Z","v":0}
{"name":"hexo","hostname":"2013-20160321HJ","pid":2612,"level":20,"msg":"Generator: asset","time":"2017-03-02T06:16:28.556Z","v":0}
{"name":"hexo","hostname":"2013-20160321HJ","pid":2612,"level":30,"msg":"Hexo is running at http://localhost:4000/. Press Ctrl+C to stop.","time":"2017-03-02T06:16:28.563Z","v":0}
{"name":"hexo","hostname":"2013-20160321HJ","pid":2612,"level":20,"msg":"Database saved","time":"2017-03-02T06:16:28.573Z","v":0}
{"name":"hexo","hostname":"2013-20160321HJ","pid":2612,"level":20,"msg":"Rendering index: index.html","time":"2017-03-02T06:16:33.658Z","v":0}
